17:24:57,150 WARNING [io.smallrye.opentelemetry.implementation.exporters.sender.VertxGrpcSender] (vert.x-eventloop-thread-2) Failed to export LogsRequestMarshalers. The request could not be executed. Full error message: Connection refused: localhost/127.0.0.1:4317
17:24:57,151 SEVERE [io.opentelemetry.exporter.internal.grpc.GrpcExporter] (vert.x-eventloop-thread-2) Failed to export logs. The request could not be executed. Error message: Connection refused: localhost/127.0.0.1:4317: io.netty.channel.AbstractChannel$AnnotatedConnectException: Connection refused: localhost/127.0.0.1:4317
	Suppressed: java.lang.IllegalStateException: Retries exhausted: 3/3
		at io.smallrye.reactive.mutiny@2.8.0//io.smallrye.mutiny.helpers.ExponentialBackoff$1.lambda$apply$0(ExponentialBackoff.java:46)
		at io.smallrye.reactive.mutiny@2.8.0//io.smallrye.mutiny.groups.MultiOnItem.lambda$transformToUni$6(MultiOnItem.java:268)
		at io.smallrye.reactive.mutiny@2.8.0//io.smallrye.mutiny.operators.multi.MultiConcatMapOp$MainSubscriber.onItem(MultiConcatMapOp.java:117)
		at io.smallrye.reactive.mutiny@2.8.0//io.smallrye.mutiny.subscription.MultiSubscriber.onNext(MultiSubscriber.java:61)
		at io.smallrye.reactive.mutiny@2.8.0//io.smallrye.mutiny.operators.multi.processors.UnicastProcessor.drainWithDownstream(UnicastProcessor.java:108)
		at io.smallrye.reactive.mutiny@2.8.0//io.smallrye.mutiny.operators.multi.processors.UnicastProcessor.drain(UnicastProcessor.java:139)
		at io.smallrye.reactive.mutiny@2.8.0//io.smallrye.mutiny.operators.multi.processors.UnicastProcessor.onNext(UnicastProcessor.java:205)
		at io.smallrye.reactive.mutiny@2.8.0//io.smallrye.mutiny.operators.multi.processors.SerializedProcessor.onNext(SerializedProcessor.java:104)
		at io.smallrye.reactive.mutiny@2.8.0//io.smallrye.mutiny.subscription.SerializedSubscriber.onItem(SerializedSubscriber.java:74)
		at io.smallrye.reactive.mutiny@2.8.0//io.smallrye.mutiny.subscription.MultiSubscriber.onNext(MultiSubscriber.java:61)
		at io.smallrye.reactive.mutiny@2.8.0//io.smallrye.mutiny.operators.multi.MultiRetryWhenOp$RetryWhenOperator.onFailure(MultiRetryWhenOp.java:127)
		at io.smallrye.reactive.mutiny@2.8.0//io.smallrye.mutiny.subscription.MultiSubscriber.onError(MultiSubscriber.java:73)
		at io.smallrye.reactive.mutiny@2.8.0//io.smallrye.mutiny.converters.uni.UniToMultiPublisher$UniToMultiSubscription.onFailure(UniToMultiPublisher.java:104)
		at io.smallrye.reactive.mutiny@2.8.0//io.smallrye.mutiny.operators.uni.UniOnFailureFlatMap$UniOnFailureFlatMapProcessor.dispatch(UniOnFailureFlatMap.java:85)
		at io.smallrye.reactive.mutiny@2.8.0//io.smallrye.mutiny.operators.uni.UniOnFailureFlatMap$UniOnFailureFlatMapProcessor.onFailure(UniOnFailureFlatMap.java:60)
		at io.smallrye.reactive.mutiny@2.8.0//io.smallrye.mutiny.operators.uni.builders.UniCreateFromCompletionStage$CompletionStageUniSubscription.forwardResult(UniCreateFromCompletionStage.java:60)
		at java.base/java.util.concurrent.CompletableFuture.uniWhenComplete(CompletableFuture.java:863)
		at java.base/java.util.concurrent.CompletableFuture$UniWhenComplete.tryFire(CompletableFuture.java:841)
		at java.base/java.util.concurrent.CompletableFuture.postComplete(CompletableFuture.java:510)
		at java.base/java.util.concurrent.CompletableFuture.completeExceptionally(CompletableFuture.java:2194)
		at io.vertx.core@4.5.24//io.vertx.core.Future.lambda$toCompletionStage$3(Future.java:602)
		at io.vertx.core@4.5.24//io.vertx.core.impl.future.FutureImpl$4.onFailure(FutureImpl.java:188)
		at io.vertx.core@4.5.24//io.vertx.core.impl.future.FutureBase.emitFailure(FutureBase.java:81)
		at io.vertx.core@4.5.24//io.vertx.core.impl.future.FutureImpl.tryFail(FutureImpl.java:278)
		at io.vertx.core@4.5.24//io.vertx.core.impl.future.Mapping.onFailure(Mapping.java:45)
		at io.vertx.core@4.5.24//io.vertx.core.impl.future.FutureBase.emitFailure(FutureBase.java:81)
		at io.vertx.core@4.5.24//io.vertx.core.impl.future.FutureImpl.tryFail(FutureImpl.java:278)
		at io.vertx.core@4.5.24//io.vertx.core.http.impl.HttpClientImpl.lambda$doRequest$4(HttpClientImpl.java:398)
		at io.vertx.core@4.5.24//io.vertx.core.net.impl.pool.Endpoint.lambda$getConnection$0(Endpoint.java:52)
		at io.vertx.core@4.5.24//io.vertx.core.http.impl.SharedClientHttpStreamEndpoint$Request.handle(SharedClientHttpStreamEndpoint.java:162)
		at io.vertx.core@4.5.24//io.vertx.core.http.impl.SharedClientHttpStreamEndpoint$Request.handle(SharedClientHttpStreamEndpoint.java:123)
		at io.vertx.core@4.5.24//io.vertx.core.impl.ContextImpl.emit(ContextImpl.java:342)
		at io.vertx.core@4.5.24//io.vertx.core.impl.ContextImpl.emit(ContextImpl.java:335)
		at io.vertx.core@4.5.24//io.vertx.core.net.impl.pool.SimpleConnectionPool$ConnectFailed$1.run(SimpleConnectionPool.java:380)
		at io.vertx.core@4.5.24//io.vertx.core.net.impl.pool.Task.runNextTasks(Task.java:43)
		at io.vertx.core@4.5.24//io.vertx.core.net.impl.pool.CombinerExecutor.submit(CombinerExecutor.java:91)
		at io.vertx.core@4.5.24//io.vertx.core.net.impl.pool.SimpleConnectionPool.execute(SimpleConnectionPool.java:244)
		at io.vertx.core@4.5.24//io.vertx.core.net.impl.pool.SimpleConnectionPool.lambda$connect$2(SimpleConnectionPool.java:258)
		at io.vertx.core@4.5.24//io.vertx.core.http.impl.SharedClientHttpStreamEndpoint.lambda$connect$2(SharedClientHttpStreamEndpoint.java:104)
		at io.vertx.core@4.5.24//io.vertx.core.impl.future.FutureImpl$4.onFailure(FutureImpl.java:188)
		at io.vertx.core@4.5.24//io.vertx.core.impl.future.FutureBase.emitFailure(FutureBase.java:81)
		at io.vertx.core@4.5.24//io.vertx.core.impl.future.FutureImpl.tryFail(FutureImpl.java:278)
		at io.vertx.core@4.5.24//io.vertx.core.impl.future.Composition$1.onFailure(Composition.java:66)
		at io.vertx.core@4.5.24//io.vertx.core.impl.future.FutureBase.emitFailure(FutureBase.java:81)
		at io.vertx.core@4.5.24//io.vertx.core.impl.future.FailedFuture.addListener(FailedFuture.java:98)
		at io.vertx.core@4.5.24//io.vertx.core.impl.future.Composition.onFailure(Composition.java:55)
		at io.vertx.core@4.5.24//io.vertx.core.impl.future.FutureBase.emitFailure(FutureBase.java:81)
		at io.vertx.core@4.5.24//io.vertx.core.impl.future.FutureImpl.tryFail(FutureImpl.java:278)
		at io.vertx.core@4.5.24//io.vertx.core.impl.ContextImpl.emit(ContextImpl.java:342)
		at io.vertx.core@4.5.24//io.vertx.core.impl.ContextImpl.emit(ContextImpl.java:335)
		at io.vertx.core@4.5.24//io.vertx.core.net.impl.NetClientImpl.failed(NetClientImpl.java:351)
		at io.vertx.core@4.5.24//io.vertx.core.net.impl.NetClientImpl.lambda$connectInternal2$6(NetClientImpl.java:323)
		at io.netty.netty-common@4.1.130.Final//io.netty.util.concurrent.DefaultPromise.notifyListener0(DefaultPromise.java:604)
		at io.netty.netty-common@4.1.130.Final//io.netty.util.concurrent.DefaultPromise.notifyListenersNow(DefaultPromise.java:571)
		at io.netty.netty-common@4.1.130.Final//io.netty.util.concurrent.DefaultPromise.notifyListeners(DefaultPromise.java:506)
		at io.netty.netty-common@4.1.130.Final//io.netty.util.concurrent.DefaultPromise.setValue0(DefaultPromise.java:650)
		at io.netty.netty-common@4.1.130.Final//io.netty.util.concurrent.DefaultPromise.setFailure0(DefaultPromise.java:643)
		at io.netty.netty-common@4.1.130.Final//io.netty.util.concurrent.DefaultPromise.setFailure(DefaultPromise.java:124)
		at io.vertx.core@4.5.24//io.vertx.core.net.impl.ChannelProvider.lambda$handleConnect$0(ChannelProvider.java:166)
		at io.netty.netty-common@4.1.130.Final//io.netty.util.concurrent.DefaultPromise.notifyListener0(DefaultPromise.java:604)
		at io.netty.netty-common@4.1.130.Final//io.netty.util.concurrent.DefaultPromise.notifyListeners0(DefaultPromise.java:597)
		at io.netty.netty-common@4.1.130.Final//io.netty.util.concurrent.DefaultPromise.notifyListenersNow(DefaultPromise.java:573)
		at io.netty.netty-common@4.1.130.Final//io.netty.util.concurrent.DefaultPromise.notifyListeners(DefaultPromise.java:506)
		at io.netty.netty-common@4.1.130.Final//io.netty.util.concurrent.DefaultPromise.setValue0(DefaultPromise.java:650)
		at io.netty.netty-common@4.1.130.Final//io.netty.util.concurrent.DefaultPromise.setFailure0(DefaultPromise.java:643)
		at io.netty.netty-common@4.1.130.Final//io.netty.util.concurrent.DefaultPromise.tryFailure(DefaultPromise.java:132)
		at io.netty.netty-transport@4.1.130.Final//io.netty.channel.nio.AbstractNioChannel$AbstractNioUnsafe.fulfillConnectPromise(AbstractNioChannel.java:326)
		at io.netty.netty-transport@4.1.130.Final//io.netty.channel.nio.AbstractNioChannel$AbstractNioUnsafe.finishConnect(AbstractNioChannel.java:342)
		at io.netty.netty-transport@4.1.130.Final//io.netty.channel.nio.NioEventLoop.processSelectedKey(NioEventLoop.java:784)
		at io.netty.netty-transport@4.1.130.Final//io.netty.channel.nio.NioEventLoop.processSelectedKeysOptimized(NioEventLoop.java:732)
		at io.netty.netty-transport@4.1.130.Final//io.netty.channel.nio.NioEventLoop.processSelectedKeys(NioEventLoop.java:658)
		at io.netty.netty-transport@4.1.130.Final//io.netty.channel.nio.NioEventLoop.run(NioEventLoop.java:562)
		at io.netty.netty-common@4.1.130.Final//io.netty.util.concurrent.SingleThreadEventExecutor$4.run(SingleThreadEventExecutor.java:998)
		at io.netty.netty-common@4.1.130.Final//io.netty.util.internal.ThreadExecutorMap$2.run(ThreadExecutorMap.java:74)
		at io.netty.netty-common@4.1.130.Final//io.netty.util.concurrent.FastThreadLocalRunnable.run(FastThreadLocalRunnable.java:30)
		at java.base/java.lang.Thread.run(Thread.java:1583)
	Caused by: io.netty.channel.AbstractChannel$AnnotatedConnectException: Connection refused: localhost/127.0.0.1:4317
		Suppressed: [CIRCULAR REFERENCE: java.lang.IllegalStateException: Retries exhausted: 3/3]
	Caused by: java.net.ConnectException: Connection refused
		at java.base/sun.nio.ch.Net.pollConnect(Native Method)
		at java.base/sun.nio.ch.Net.pollConnectNow(Net.java:682)
		at java.base/sun.nio.ch.SocketChannelImpl.finishConnect(SocketChannelImpl.java:973)
		at io.netty.netty-transport@4.1.130.Final//io.netty.channel.socket.nio.NioSocketChannel.doFinishConnect(NioSocketChannel.java:336)
		at io.netty.netty-transport@4.1.130.Final//io.netty.channel.nio.AbstractNioChannel$AbstractNioUnsafe.finishConnect(AbstractNioChannel.java:339)
		at io.netty.netty-transport@4.1.130.Final//io.netty.channel.nio.NioEventLoop.processSelectedKey(NioEventLoop.java:784)
		at io.netty.netty-transport@4.1.130.Final//io.netty.channel.nio.NioEventLoop.processSelectedKeysOptimized(NioEventLoop.java:732)
		at io.netty.netty-transport@4.1.130.Final//io.netty.channel.nio.NioEventLoop.processSelectedKeys(NioEventLoop.java:658)
		at io.netty.netty-transport@4.1.130.Final//io.netty.channel.nio.NioEventLoop.run(NioEventLoop.java:562)
		at io.netty.netty-common@4.1.130.Final//io.netty.util.concurrent.SingleThreadEventExecutor$4.run(SingleThreadEventExecutor.java:998)
		at io.netty.netty-common@4.1.130.Final//io.netty.util.internal.ThreadExecutorMap$2.run(ThreadExecutorMap.java:74)
		at io.netty.netty-common@4.1.130.Final//io.netty.util.concurrent.FastThreadLocalRunnable.run(FastThreadLocalRunnable.java:30)
		at java.base/java.lang.Thread.run(Thread.java:1583)
Caused by: [CIRCULAR REFERENCE: java.net.ConnectException: Connection refused]

